2022-10-27 08:09:42.249 CDT [23524] ERROR:  no se pudo bloquear un candado en la fila de la relación «ir_cron»
2022-10-27 08:09:42.249 CDT [23524] SENTENCIA:  SELECT *
	                                       FROM ir_cron
	                                       WHERE numbercall != 0
	                                          AND active
	                                          AND nextcall <= (now() at time zone 'UTC')
	                                          AND id=1
	                                       FOR UPDATE NOWAIT
2022-10-27 08:10:43.710 CDT [23016] ERROR:  no se pudo bloquear un candado en la fila de la relación «ir_cron»
2022-10-27 08:10:43.710 CDT [23016] SENTENCIA:  SELECT *
	                                       FROM ir_cron
	                                       WHERE numbercall != 0
	                                          AND active
	                                          AND nextcall <= (now() at time zone 'UTC')
	                                          AND id=3
	                                       FOR UPDATE NOWAIT
2022-10-28 21:41:39.158 CDT [3004] ERROR:  no se pudo bloquear un candado en la fila de la relación «ir_cron»
2022-10-28 21:41:39.158 CDT [3004] SENTENCIA:  SELECT *
	                                       FROM ir_cron
	                                       WHERE numbercall != 0
	                                          AND active
	                                          AND nextcall <= (now() at time zone 'UTC')
	                                          AND id=14
	                                       FOR UPDATE NOWAIT
